"File: acc.c         Assembler  Version HGASM0202      Page 1


   1  0000              ; Generated by holtek-gcc v3.13, Wed Jul 04 22:57:44 2018
   2  0000              ; 
   3  0000              ; Configuration:
   4  0000              ;       with long instruction
   5  0000              ;       Multi-ROM, Multi-RAM
   6  0000              ;       bits_per_rom_unit:16
   7  0000              ;       with mp1
   8  0000              ;       with tbhp, address(0x9)
   9  0000              ;          Use tabrd-const
  10  0000              ;       
  11  0000              ; SFR address of long-instruction arch:
  12  0000              ;    mp0 = -1,1,0
  13  0000              ;    mp1 = 4,3,2
  14  0000              ;    mp2 = 14,13,12
  15  0000              ;    tbp = 9,7,8
  16  0000              ;    acc = 5
  17  0000              ;    pcl = 6
  18  0000              ;    status = 10
  19  0000              ;    bp = 11
  20  0000              ;    intc = 48
  21  0000              ;       
  22  0000              ; use 'tabrdc' instead of 'tabrd'
  23  0000              ;       
  24  0000              
  25  0000              #pragma translator "holtek-gcc 4.6.4" "3.13" "build 20130711"
  26  0000              ; Rebuild 26
  27  0000              
  28  0000              ir equ [2]
  29  0000              mp equ [3]
  30  0000              sbp equ [4]
  31  0000              acc equ [5]
  32  0000              bp equ [11]
  33  0000              tblp equ [7]
  34  0000              tbhp equ [9]
  35  0000              status equ [10]
  36  0000              c equ [10].0
  37  0000              ac equ [10].1
  38  0000              z equ [10].2
  39  0000              ov equ [10].3
  40  0000              cz equ [10].6
  41  0000              sc equ [10].7
  42  0000              intc equ [48]
  43  0000              
  44  0000              extern ra:byte
  45  0000              extern rb:byte
  46  0000              extern rc:byte
  47  0000              extern rd:byte
  48  0000              extern re:byte
  49  0000              extern rf:byte
  50  0000              extern rg:byte
  51  0000              extern rh:byte
  52  0000              extern _Crom2Prom:near
  53  0000              extern _Crom2PromNext:near
  54  0000              @HCCINIT	.section 'data'
  55  0000              @HCCINIT0	.section 'data'
  56  0000              
  57  0000              #pragma debug scope 1 1
  58  0000              	extern __DELAY3:near
  59  0000              	extern __DELAYX3:near
"File: acc.ASM       Assembler  Version HGASM0202      Page 2

  60  0000              	extern __DELAYX6:near
  61  0000              	extern __DELAYY5:near
  62  0000              	extern __DELAYY3:near
  63  0000              	extern _builtin_holtek_delay_2:byte
  64  0000              public _Delay100us
  65  0000              #pragma debug scope 2 1

  48  0000              #line 48 "D:\IIIT\Documents\HTK_Project\acc\acc.c"
  48  0000              _Delay100us .section 'code'
  48  0000              _Delay100us proc
  48  0000              public _Delay100us_2
  48  0000  0002[           local _Delay100us_2 db 2 dup(?)	; 2,0
            00
            ]
  48  0002              #pragma debug variable 10 2 _Delay100us_2+0 "del"
  52  0000              #line 52 "D:\IIIT\Documents\HTK_Project\acc\acc.c"
  52  0000  1F00     E  	clr rb
  52  0001  1F00     E  	clr rc
  52  0002              _L2:
  52  0002              #line 52 "D:\IIIT\Documents\HTK_Project\acc\acc.c"
  52  0002  0700     E  	mov a,rb
  52  0003  0200     R  	sub a,_Delay100us_2[0]
  52  0004  0700     E  	mov a,rc
  52  0005  1200     R  	sbc a,_Delay100us_2[1]
  52  0006  3F0A        	sz cz
  52  0007  2800     R  	jmp _L1
  52  0008  1F00     E  	clr ra
  52  0009              _L5:
  53  0009              #line 53 "D:\IIIT\Documents\HTK_Project\acc\acc.c"
  53  0009              ;# 53 "D:\IIIT\Documents\HTK_Project\acc\acc.c" 1
  53  0009  0000        	nop
  53  000A  1480     E  	inc ra
  53  000B  0700     E  	mov a,ra
  53  000C  0A1A        	sub a,26
  53  000D  390A        	snz z
  53  000E  2800     R  	jmp _L5
  52  000F              #line 52 "D:\IIIT\Documents\HTK_Project\acc\acc.c"
  52  000F  1480     E  	inc rb
  52  0010  3D0A        	sz z
  52  0011  1480     E  	inc rc
  52  0012  2800     R  	jmp _L2
  52  0013              _L1:
  52  0013  0003        	ret
  52  0014              _Delay100us endp
  52  0014              #line 52 "D:\IIIT\Documents\HTK_Project\acc\acc.c"
  52  0014              #pragma debug scope 1 1
  52  0014              ___wdtc equ [62]
  52  0014              ___pec equ [35]
  52  0014              ___pepu equ [33]
  52  0014              ___psc0 equ [100]
  52  0014              ___tbc0 equ [101]
  52  0014              ___intc2 equ [50]
  52  0014              ___pcs1 equ [361]
  52  0014              ___pcs2 equ [362]
  52  0014              ___tm2c0 equ [81]
  52  0014              ___tm2c1 equ [82]
  52  0014              ___tm2rp equ [87]
  52  0014              ___intc0 equ [48]
  52  0014              ___tm2al equ [85]
  52  0014              ___tm2ah equ [86]
"File: acc.c         Assembler  Version HGASM0202      Page 3

  52  0014              ___pe equ [34]
  52  0014              public _main
  52  0014              #pragma debug scope 3 1
  19  0014              #line 19 "D:\IIIT\Documents\HTK_Project\acc\acc.c"
  19  0014              IFDEF WITH_DEFAULT_STARTUP
  19  0014              extern _main_initial0:near
  19  0014              extern _main_startup:near
  19  0014              ENDIF
  19  0014              
  19  0014              ROMBANK 0 @start
  19  0000              @start .section com_l 'code'
  19  0000              _main_startup1:
  19  0000              @start .section com_e 'code'
  19  0000  0F00     R  	mov a,bank _main
  19  0001  008B        	mov bp,a
  19  0002  2800     R  	jmp _main
  19  0003              
  19  0000              _main .section 'code'
  19  0000              _main proc
  20  0000              #line 20 "D:\IIIT\Documents\HTK_Project\acc\acc.c"
  20  0000  0FAF        	mov a,175
  20  0001  00BE        	mov [62],a
  21  0002              #line 21 "D:\IIIT\Documents\HTK_Project\acc\acc.c"
  21  0002  3323        	set [35].6
  21  0003  3321        	set [33].6
  22  0004              #line 22 "D:\IIIT\Documents\HTK_Project\acc\acc.c"
  22  0004  33A3        	set [35].7
  22  0005  33A1        	set [33].7
  23  0006              #line 23 "D:\IIIT\Documents\HTK_Project\acc\acc.c"
  23  0006  0F01        	mov a,1
  23  0007  00E4        	mov [100],a
  23  0008  0F85        	mov a,133
  23  0009  00E5        	mov [101],a
  23  000A  30B2        	set [50].1
  24  000B              #line 24 "D:\IIIT\Documents\HTK_Project\acc\acc.c"
  24  000B  0F10        	mov a,16
  24  000C  80E9 0001   	lmov [361],a
  24  000E  0F01        	mov a,1
  24  000F  80EA 0001   	lmov [362],a
  25  0011              #line 25 "D:\IIIT\Documents\HTK_Project\acc\acc.c"
  25  0011  1F51        	clr [81]
  26  0012              #line 26 "D:\IIIT\Documents\HTK_Project\acc\acc.c"
  26  0012  0FA8        	mov a,168
  26  0013  00D2        	mov [82],a
  27  0014              #line 27 "D:\IIIT\Documents\HTK_Project\acc\acc.c"
  27  0014  0FA0        	mov a,160
  27  0015  00D7        	mov [87],a
  28  0016              #line 28 "D:\IIIT\Documents\HTK_Project\acc\acc.c"
  28  0016  31D1        	set [81].3
  28  0017  3030        	set [48].0
  19  0018              #line 19 "D:\IIIT\Documents\HTK_Project\acc\acc.c"
  19  0018  0F64        	mov a,100
  19  0019  0080     E  	mov rb,a
  19  001A  1F00     E  	clr rc
  19  001B              _L8:
  30  001B              #line 30 "D:\IIIT\Documents\HTK_Project\acc\acc.c"
  30  001B  0700     E  	mov a,rb  
  30  001C  0080     E  	mov _builtin_holtek_mulhi3_2[0],a  
  30  001D  0700     E  	mov a,rc  
  30  001E  0080     E  	mov _builtin_holtek_mulhi3_2[1],a
"File: acc.c         Assembler  Version HGASM0202      Page 4

  30  001F  0F14        	mov a,20  
  30  0020  0080     E  	mov _builtin_holtek_mulhi3_2[2],a  
  30  0021  1F00     E  	clr _builtin_holtek_mulhi3_2[3]
  30  0022              	fcall _builtin_holtek_mulhi3
  30  0029  0700     E  	mov a,_builtin_holtek_mulhi3_2[4]  
  30  002A  0080     E  	mov rb,a  
  30  002B  0700     E  	mov a,_builtin_holtek_mulhi3_2[5]  
  30  002C  0080     E  	mov rc,a
  30  002D  0FF4        	mov a,244
  30  002E  0380     E  	addm a,rb
  30  002F  0F01        	mov a,1
  30  0030  1380     E  	adcm a,rc
  31  0031              #line 31 "D:\IIIT\Documents\HTK_Project\acc\acc.c"
  31  0031  0700     E  	mov a,rb
  31  0032  0EFC        	and a,252
  31  0033  00D5        	mov [85],a
  32  0034              #line 32 "D:\IIIT\Documents\HTK_Project\acc\acc.c"
  32  0034  0700     E  	mov a,rc
  32  0035  00D6        	mov [86],a
  34  0036              #line 34 "D:\IIIT\Documents\HTK_Project\acc\acc.c"
  34  0036  0F0C        	mov a,12
  34  0037  0080     R  	mov _Delay100us_2[0],a
  34  0038  1F00     R  	clr _Delay100us_2[1]
  34  0039              	fcall _Delay100us
  34  0040              _L10:
  36  0040              #line 36 "D:\IIIT\Documents\HTK_Project\acc\acc.c"
  36  0040  3F22        	sz [34].6
  36  0041  2800     R  	jmp _L13
  37  0042              #line 37 "D:\IIIT\Documents\HTK_Project\acc\acc.c"
  37  0042  0FC8        	mov a,-56
  37  0043  0080     E  	mov rb,a
  37  0044  1F00     E  	clr rc
  37  0045  2800     R  	jmp _L8
  37  0046              _L13:
  40  0046              #line 40 "D:\IIIT\Documents\HTK_Project\acc\acc.c"
  40  0046  3FA2        	sz [34].7
  40  0047  2800     R  	jmp _L10
  41  0048              #line 41 "D:\IIIT\Documents\HTK_Project\acc\acc.c"
  41  0048  1F00     E  	clr rb
  41  0049  1F00     E  	clr rc
  41  004A  2800     R  	jmp _L8
  41  004B  2800     R  	jmp $
  41  004C              _main endp
  41  004C              
  41  004C              @dummy endp
  41  004C              
  41  004C              #line 41 "D:\IIIT\Documents\HTK_Project\acc\acc.c"
  41  004C              #pragma debug scope 1 1
  16  004C              #line 16 "D:\IIIT\Documents\HTK_Project\acc\acc.c"
  16  004C              public _Buffer
  16  0000              @HCCINIT0_Buffer .section 'data'
  16  0000  0004[       _Buffer	db 4 dup(0)
            00
            ]
  16  0004              #pragma debug array 42 8 4 1
  16  0004              #pragma debug array 42 8 4 1
  16  0004              #pragma debug variable 42 1 _Buffer "Buffer"
  16  0004              
  16  0000              @HCCINIT .section 'data'
  16  0000              #line 16 "D:\IIIT\Documents\HTK_Project\acc\acc.c"
"File: acc.c         Assembler  Version HGASM0202      Page 5

  16  0000              public _ScanCode
  16  0000              @HCCINIT0_ScanCode .section 'data'
  16  0000              _ScanCode	db 0
  16  0001              #pragma debug variable 8 1 _ScanCode "ScanCode"
  16  0001              
  16  0000              @HCCINIT .section 'data'
  16  0000              #line 16 "D:\IIIT\Documents\HTK_Project\acc\acc.c"
  16  0000              public _ptr
  16  0000              @HCCINIT0_ptr .section 'data'
  16  0000  0002[       _ptr	db 2 dup(0)
            00
            ]
  16  0002              #pragma debug pointer 43 8 1
  16  0002              #pragma debug pointer 43 8 1
  16  0002              #pragma debug variable 43 1 _ptr "ptr"
  16  0002              
  16  0000              @HCCINIT .section 'data'
  16  0000              #pragma debug struct_end
  16  0000              #pragma debug struct_end
  16  0000              #pragma debug union_end
  16  0000              #pragma debug union_end
  16  0000              #pragma debug variable 45 1 ___pepu "__pepu" 1
  16  0000              #pragma debug struct_end
  16  0000              #pragma debug struct_end
  16  0000              #pragma debug union_end
  16  0000              #pragma debug union_end
  16  0000              #pragma debug variable 47 1 ___pe "__pe" 1
  16  0000              #pragma debug struct_end
  16  0000              #pragma debug struct_end
  16  0000              #pragma debug union_end
  16  0000              #pragma debug union_end
  16  0000              #pragma debug variable 49 1 ___pec "__pec" 1
  16  0000              #pragma debug struct_end
  16  0000              #pragma debug struct_end
  16  0000              #pragma debug union_end
  16  0000              #pragma debug union_end
  16  0000              #pragma debug variable 51 1 ___intc0 "__intc0" 1
  16  0000              #pragma debug struct_end
  16  0000              #pragma debug struct_end
  16  0000              #pragma debug union_end
  16  0000              #pragma debug union_end
  16  0000              #pragma debug variable 53 1 ___intc2 "__intc2" 1
  16  0000              #pragma debug struct_end
  16  0000              #pragma debug struct_end
  16  0000              #pragma debug union_end
  16  0000              #pragma debug union_end
  16  0000              #pragma debug variable 55 1 ___wdtc "__wdtc" 1
  16  0000              #pragma debug struct_end
  16  0000              #pragma debug struct_end
  16  0000              #pragma debug union_end
  16  0000              #pragma debug union_end
  16  0000              #pragma debug variable 57 1 ___tm2c0 "__tm2c0" 1
  16  0000              #pragma debug struct_end
  16  0000              #pragma debug struct_end
  16  0000              #pragma debug union_end
  16  0000              #pragma debug union_end
  16  0000              #pragma debug variable 59 1 ___tm2c1 "__tm2c1" 1
  16  0000              #pragma debug variable 8 1 ___tm2al "__tm2al" 1
  16  0000              #pragma debug variable 8 1 ___tm2ah "__tm2ah" 1
  16  0000              #pragma debug variable 8 1 ___tm2rp "__tm2rp" 1
"File: acc.c         Assembler  Version HGASM0202      Page 6

  16  0000              #pragma debug struct_end
  16  0000              #pragma debug struct_end
  16  0000              #pragma debug union_end
  16  0000              #pragma debug union_end
  16  0000              #pragma debug variable 61 1 ___psc0 "__psc0" 1
  16  0000              #pragma debug struct_end
  16  0000              #pragma debug struct_end
  16  0000              #pragma debug union_end
  16  0000              #pragma debug union_end
  16  0000              #pragma debug variable 63 1 ___tbc0 "__tbc0" 1
  16  0000              #pragma debug struct_end
  16  0000              #pragma debug struct_end
  16  0000              #pragma debug union_end
  16  0000              #pragma debug union_end
  16  0000              #pragma debug variable 65 1 ___pcs1 "__pcs1" 1
  16  0000              #pragma debug struct_end
  16  0000              #pragma debug struct_end
  16  0000              #pragma debug union_end
  16  0000              #pragma debug union_end
  16  0000              #pragma debug variable 67 1 ___pcs2 "__pcs2" 1
  16  0000              IFDEF ISR_SYSTEM_STACK_BEFORE_2014_12_23
  16  0000              ELSE
  16  0000              ENDIF
  19  0000              #line 19 "D:\IIIT\Documents\HTK_Project\acc\acc.c"
  19  0000              @code .section at 0 'code'
  19  0000  1F0B        	clr bp
  19  0001  2800     R  	jmp _main_startup1
  19  0002              
  19  0002              extern _builtin_holtek_mulhi3_2:byte
  19  0002              extern _builtin_holtek_mulhi3:near
  19  0002              
  19  0002              ; 
  19  0002              ; Generated by holtek-gcc v3.13, Wed Jul 04 22:57:44 2018
  19  0002              ; Rebuild 26
  19  0002              ; end of file


        0 Errors, 0